<?xml version="1.0" encoding="UTF-8"?>
<!-- Generated by org.testng.reporters.JUnitXMLReporter -->
<testsuite ignored="0" hostname="DESKTOP-6LGQ6RF" failures="0" tests="3" name="Test" time="0.114" errors="0" timestamp="2022-11-25T13:00:17 IST">
  <testcase classname="demo.advanced.tests.TestClass1" name="Test1" time="0.019"/>
  <testcase classname="demo.advanced.tests.TestClass1" name="Test2" time="0.007"/>
  <testcase classname="demo.advanced.tests.TestClass1" name="Test3" time="0.002"/>
</testsuite> <!-- Test -->
