<?xml version="1.0" encoding="UTF-8"?>
<!-- Generated by org.testng.reporters.JUnitXMLReporter -->
<testsuite ignored="0" hostname="DESKTOP-6LGQ6RF" failures="0" tests="3" name="TestTag2" time="0.043" errors="0" timestamp="2023-02-07T15:00:05 IST">
  <testcase classname="demo.advanced.tests.TestClass2" name="TestMethod1FromTestClass2" time="0.002"/>
  <testcase classname="demo.advanced.tests.TestClass2" name="TestMethod2FromTestClass2" time="0.01"/>
  <testcase classname="demo.advanced.tests.TestClass2" name="TestMethod3FromTestClass2" time="0.007"/>
</testsuite> <!-- TestTag2 -->
