<?xml version="1.0" encoding="UTF-8"?>
<!-- Generated by org.testng.reporters.JUnitXMLReporter -->
<testsuite ignored="2" hostname="DESKTOP-6LGQ6RF" failures="0" tests="1" name="TestTag1" time="0.087" errors="0" timestamp="2023-02-07T15:00:05 IST">
  <testcase classname="demo.advanced.tests.TestClass1" name="Test2" time="0.014"/>
  <testcase classname="demo.advanced.tests.TestClass1" name="Test3" time="0.0">
    <ignored/>
  </testcase> <!-- Test3 -->
  <testcase classname="demo.advanced.tests.TestClass1" name="Test1" time="0.0">
    <ignored/>
  </testcase> <!-- Test1 -->
</testsuite> <!-- TestTag1 -->
